#
# There is insufficient memory for the Java Runtime Environment to continue.
# Native memory allocation (malloc) failed to allocate 1006896 bytes for Chunk::new
# Possible reasons:
#   The system is out of physical RAM or swap space
#   In 32 bit mode, the process size limit was hit
# Possible solutions:
#   Reduce memory load on the system
#   Increase physical memory or swap space
#   Check if swap backing store is full
#   Use 64 bit Java on a 64 bit OS
#   Decrease Java heap size (-Xmx/-Xms)
#   Decrease number of Java threads
#   Decrease Java thread stack sizes (-Xss)
#   Set larger code cache with -XX:ReservedCodeCacheSize=
# This output file may be truncated or incomplete.
#
#  Out of Memory Error (allocation.cpp:388), pid=27628, tid=25312
#
# JRE version: Java(TM) SE Runtime Environment (8.0_05-b13) (build 1.8.0_05-b13)
# Java VM: Java HotSpot(TM) 64-Bit Server VM (25.5-b02 mixed mode windows-amd64 compressed oops)
# Failed to write core dump. Minidumps are not enabled by default on client versions of Windows
#

---------------  T H R E A D  ---------------

Current thread (0x0000000017176800):  JavaThread "C2 CompilerThread0" daemon [_thread_in_native, id=25312, stack(0x0000000017750000,0x0000000017850000)]

Stack: [0x0000000017750000,0x0000000017850000]
Native frames: (J=compiled Java code, j=interpreted, Vv=VM code, C=native code)
V  [jvm.dll+0x308dea]


Current CompileTask:
C2:   5284 4184       4       sun.reflect.generics.parser.SignatureParser::parsePackageNameAndSimpleClassTypeSignature (139 bytes)


---------------  P R O C E S S  ---------------

Java Threads: ( => current thread )
  0x000000001c7c0800 JavaThread "Memory manager" [_thread_blocked, id=2388, stack(0x0000000022d00000,0x0000000022e00000)]
  0x000000001c7c4800 JavaThread "Unconstrained build operations Thread 19" [_thread_blocked, id=21516, stack(0x0000000022a00000,0x0000000022b00000)]
  0x000000001c7b9000 JavaThread "Unconstrained build operations Thread 18" [_thread_blocked, id=11808, stack(0x0000000022900000,0x0000000022a00000)]
  0x000000001c7c0000 JavaThread "Unconstrained build operations Thread 17" [_thread_blocked, id=18520, stack(0x0000000022800000,0x0000000022900000)]
  0x000000001c7bf000 JavaThread "Unconstrained build operations Thread 16" [_thread_blocked, id=21216, stack(0x0000000022700000,0x0000000022800000)]
  0x000000001c7b7800 JavaThread "Unconstrained build operations Thread 15" [_thread_blocked, id=20664, stack(0x0000000022600000,0x0000000022700000)]
  0x000000001c7bd800 JavaThread "Unconstrained build operations Thread 14" [_thread_blocked, id=17648, stack(0x0000000022500000,0x0000000022600000)]
  0x000000001c7bc000 JavaThread "Unconstrained build operations Thread 13" [_thread_blocked, id=10500, stack(0x0000000022400000,0x0000000022500000)]
  0x000000001c7bb800 JavaThread "Unconstrained build operations Thread 12" [_thread_blocked, id=6340, stack(0x0000000022300000,0x0000000022400000)]
  0x000000001c7be800 JavaThread "Unconstrained build operations Thread 11" [_thread_blocked, id=8800, stack(0x0000000022200000,0x0000000022300000)]
  0x000000001c7ba800 JavaThread "Unconstrained build operations Thread 10" [_thread_blocked, id=21704, stack(0x0000000022100000,0x0000000022200000)]
  0x000000001c7b8800 JavaThread "Unconstrained build operations Thread 9" [_thread_blocked, id=14928, stack(0x0000000022000000,0x0000000022100000)]
  0x000000001c7bd000 JavaThread "Unconstrained build operations Thread 8" [_thread_blocked, id=8104, stack(0x0000000021f00000,0x0000000022000000)]
  0x000000001c7b5800 JavaThread "Unconstrained build operations Thread 7" [_thread_blocked, id=15220, stack(0x0000000021e00000,0x0000000021f00000)]
  0x000000001c7b6000 JavaThread "Unconstrained build operations Thread 6" [_thread_blocked, id=22632, stack(0x0000000021d00000,0x0000000021e00000)]
  0x000000001c7b7000 JavaThread "Unconstrained build operations Thread 5" [_thread_blocked, id=10772, stack(0x0000000021c00000,0x0000000021d00000)]
  0x000000001c7ba000 JavaThread "Unconstrained build operations Thread 4" [_thread_blocked, id=2888, stack(0x0000000021b00000,0x0000000021c00000)]
  0x000000001aeb3800 JavaThread "Unconstrained build operations Thread 3" [_thread_blocked, id=20620, stack(0x0000000021a00000,0x0000000021b00000)]
  0x000000001aeb1800 JavaThread "Unconstrained build operations Thread 2" [_thread_blocked, id=18148, stack(0x0000000021900000,0x0000000021a00000)]
  0x000000001aeb3000 JavaThread "Unconstrained build operations" [_thread_blocked, id=972, stack(0x0000000021800000,0x0000000021900000)]
  0x000000001aeb0800 JavaThread "Cache worker for Build Output Cleanup Cache (D:\zehut\zehutProjectSpring\zehut-market\.gradle\buildOutputCleanup)" [_thread_blocked, id=12260, stack(0x0000000021700000,0x0000000021800000)]
  0x000000001aeb2000 JavaThread "Cache worker for dependencies-accessors (D:\zehut\zehutProjectSpring\zehut-market\.gradle\7.5\dependencies-accessors)" [_thread_blocked, id=25160, stack(0x000000001ff50000,0x0000000020050000)]
  0x000000001aeb0000 JavaThread "jar transforms Thread 8" [_thread_blocked, id=4512, stack(0x000000001fd50000,0x000000001fe50000)]
  0x000000001aea8800 JavaThread "jar transforms Thread 7" [_thread_blocked, id=19072, stack(0x000000001fc50000,0x000000001fd50000)]
  0x000000001aea7000 JavaThread "jar transforms Thread 6" [_thread_blocked, id=10268, stack(0x000000001fb50000,0x000000001fc50000)]
  0x000000001aead800 JavaThread "jar transforms Thread 5" [_thread_blocked, id=17500, stack(0x000000001fa50000,0x000000001fb50000)]
  0x000000001aea7800 JavaThread "jar transforms Thread 4" [_thread_blocked, id=12632, stack(0x000000001f750000,0x000000001f850000)]
  0x000000001aea6000 JavaThread "jar transforms Thread 3" [_thread_blocked, id=15304, stack(0x000000001f650000,0x000000001f750000)]
  0x000000001aeac000 JavaThread "jar transforms Thread 2" [_thread_blocked, id=27424, stack(0x000000001f150000,0x000000001f250000)]
  0x000000001aead000 JavaThread "jar transforms" [_thread_blocked, id=15988, stack(0x000000001f050000,0x000000001f150000)]
  0x000000001aea4800 JavaThread "Cache worker for execution history cache (C:\Users\vyg0606\.gradle\caches\7.5\executionHistory)" [_thread_blocked, id=10344, stack(0x000000001ed50000,0x000000001ee50000)]
  0x000000001aeaa800 JavaThread "Cache worker for cache directory md-supplier (C:\Users\vyg0606\.gradle\caches\7.5\md-supplier)" [_thread_blocked, id=6084, stack(0x000000001ea50000,0x000000001eb50000)]
  0x000000001aea5800 JavaThread "Cache worker for file hash cache (D:\zehut\zehutProjectSpring\zehut-market\.gradle\7.5\fileHashes)" [_thread_blocked, id=5232, stack(0x000000001d280000,0x000000001d380000)]
  0x000000001aeab800 JavaThread "Cache worker for file content cache (C:\Users\vyg0606\.gradle\caches\7.5\fileContent)" [_thread_blocked, id=1488, stack(0x000000001e950000,0x000000001ea50000)]
  0x000000001aea9000 JavaThread "Cache worker for cache directory md-rule (C:\Users\vyg0606\.gradle\caches\7.5\md-rule)" [_thread_blocked, id=10940, stack(0x000000001e440000,0x000000001e540000)]
  0x0000000018d13000 JavaThread "Cache worker for checksums cache (D:\zehut\zehutProjectSpring\zehut-market\.gradle\7.5\checksums)" [_thread_blocked, id=18996, stack(0x000000001cf70000,0x000000001d070000)]
  0x0000000018d12800 JavaThread "File watcher consumer" daemon [_thread_blocked, id=15716, stack(0x000000001ce70000,0x000000001cf70000)]
  0x0000000018d15800 JavaThread "File watcher server" daemon [_thread_in_native, id=21852, stack(0x000000001cd70000,0x000000001ce70000)]
  0x0000000018d14800 JavaThread "Cache worker for file hash cache (C:\Users\vyg0606\.gradle\caches\7.5\fileHashes)" [_thread_blocked, id=23564, stack(0x000000001bca0000,0x000000001bda0000)]
  0x0000000018d14000 JavaThread "File lock request listener" [_thread_in_native, id=20520, stack(0x000000001a9d0000,0x000000001aad0000)]
  0x0000000018e52000 JavaThread "Cache worker for journal cache (C:\Users\vyg0606\.gradle\caches\journal-1)" [_thread_blocked, id=3708, stack(0x000000001a8d0000,0x000000001a9d0000)]
  0x0000000018db4000 JavaThread "Daemon client event forwarder" [_thread_blocked, id=2792, stack(0x000000001a7d0000,0x000000001a8d0000)]
  0x0000000018db1000 JavaThread "Stdin handler" [_thread_blocked, id=20444, stack(0x000000001a6d0000,0x000000001a7d0000)]
  0x0000000018dad000 JavaThread "Asynchronous log dispatcher for DefaultDaemonConnection: socket connection from /127.0.0.1:62149 to /127.0.0.1:62150" [_thread_blocked, id=25788, stack(0x000000001a5d0000,0x000000001a6d0000)]
  0x0000000018dd7000 JavaThread "Daemon worker" [_thread_in_Java, id=17748, stack(0x000000001a4d0000,0x000000001a5d0000)]
  0x0000000018dd6000 JavaThread "Cancel handler" [_thread_blocked, id=16332, stack(0x000000001a3d0000,0x000000001a4d0000)]
  0x0000000018c86000 JavaThread "Handler for socket connection from /127.0.0.1:62149 to /127.0.0.1:62150" [_thread_in_native, id=9492, stack(0x000000001a0d0000,0x000000001a1d0000)]
  0x0000000018c96800 JavaThread "Daemon" [_thread_blocked, id=15528, stack(0x0000000019fd0000,0x000000001a0d0000)]
  0x0000000018c95000 JavaThread "Daemon periodic checks" [_thread_blocked, id=11648, stack(0x0000000019ed0000,0x0000000019fd0000)]
  0x0000000018c98000 JavaThread "Incoming local TCP Connector on port 62149" [_thread_in_native, id=17148, stack(0x0000000019c60000,0x0000000019d60000)]
  0x0000000018795000 JavaThread "Daemon health stats" [_thread_blocked, id=13248, stack(0x0000000019520000,0x0000000019620000)]
  0x000000001721e000 JavaThread "Service Thread" daemon [_thread_blocked, id=21920, stack(0x0000000017b50000,0x0000000017c50000)]
  0x0000000017184000 JavaThread "C1 CompilerThread3" daemon [_thread_blocked, id=7896, stack(0x0000000017a50000,0x0000000017b50000)]
  0x000000001717d000 JavaThread "C2 CompilerThread2" daemon [_thread_in_native, id=10648, stack(0x0000000017950000,0x0000000017a50000)]
  0x0000000017179000 JavaThread "C2 CompilerThread1" daemon [_thread_in_native, id=15308, stack(0x0000000017850000,0x0000000017950000)]
=>0x0000000017176800 JavaThread "C2 CompilerThread0" daemon [_thread_in_native, id=25312, stack(0x0000000017750000,0x0000000017850000)]
  0x0000000017174800 JavaThread "Attach Listener" daemon [_thread_blocked, id=22028, stack(0x0000000017650000,0x0000000017750000)]
  0x0000000017173800 JavaThread "Signal Dispatcher" daemon [_thread_blocked, id=20200, stack(0x0000000017550000,0x0000000017650000)]
  0x0000000003971800 JavaThread "Finalizer" daemon [_thread_blocked, id=20648, stack(0x0000000017040000,0x0000000017140000)]
  0x000000001514c000 JavaThread "Reference Handler" daemon [_thread_blocked, id=16936, stack(0x0000000016f40000,0x0000000017040000)]
  0x0000000002e7d800 JavaThread "main" [_thread_blocked, id=2320, stack(0x0000000003780000,0x0000000003880000)]

Other Threads:
  0x0000000015148000 VMThread [stack: 0x0000000016e40000,0x0000000016f40000] [id=5296]
  0x000000001721f000 WatcherThread [stack: 0x0000000017c50000,0x0000000017d50000] [id=9780]

VM state:not at safepoint (normal execution)

VM Mutex/Monitor currently owned by a thread:  ([mutex/lock_event])
[0x0000000002e7d330] SystemDictionary_lock - owner thread: 0x0000000000000000

Heap:
 PSYoungGen      total 105984K, used 19154K [0x00000000f5580000, 0x00000000fd380000, 0x0000000100000000)
  eden space 96256K, 9% used [0x00000000f5580000,0x00000000f5ebc1f8,0x00000000fb380000)
  from space 9728K, 99% used [0x00000000fca00000,0x00000000fd378678,0x00000000fd380000)
  to   space 8704K, 0% used [0x00000000fb380000,0x00000000fb380000,0x00000000fbc00000)
 ParOldGen       total 260608K, used 16124K [0x00000000e0000000, 0x00000000efe80000, 0x00000000f5580000)
  object space 260608K, 6% used [0x00000000e0000000,0x00000000e0fbf178,0x00000000efe80000)
 Metaspace       used 45951K, capacity 49186K, committed 49408K, reserved 1091584K
  class space    used 6849K, capacity 7383K, committed 7424K, reserved 1048576K

Card table byte_map: [0x0000000012d40000,0x0000000012e50000] byte_map_base: 0x0000000012640000

Marking Bits: (ParMarkBitMap*) 0x000000005da513b0
 Begin Bits: [0x0000000013650000, 0x0000000013e50000)
 End Bits:   [0x0000000013e50000, 0x0000000014650000)

Polling page: 0x0000000002e60000

CodeCache: size=245760Kb used=14247Kb max_used=14247Kb free=231512Kb
 bounds [0x0000000003980000, 0x0000000004780000, 0x0000000012980000]
 total_blobs=4987 nmethods=4235 adapters=664
 compilation: enabled

Compilation events (10 events):
Event: 5.275 Thread 0x0000000017184000 nmethod 4343 0x000000000476c9d0 code [0x000000000476cb80, 0x000000000476d190]
Event: 5.275 Thread 0x0000000017184000 4344       3       java.util.stream.Nodes$SpinedNodeBuilder::end (29 bytes)
Event: 5.275 Thread 0x0000000017184000 nmethod 4344 0x000000000476d3d0 code [0x000000000476d520, 0x000000000476d690]
Event: 5.275 Thread 0x0000000017184000 4345       3       java.util.stream.Nodes$SpinedNodeBuilder::build (25 bytes)
Event: 5.275 Thread 0x0000000017184000 nmethod 4345 0x000000000476d710 code [0x000000000476d860, 0x000000000476d9b0]
Event: 5.275 Thread 0x0000000017184000 4346       3       java.util.stream.Nodes$SpinedNodeBuilder::asArray (29 bytes)
Event: 5.275 Thread 0x0000000017184000 nmethod 4346 0x000000000476da10 code [0x000000000476db80, 0x000000000476dd08]
Event: 5.275 Thread 0x0000000017184000 4347       3       org.codehaus.groovy.runtime.metaclass.NewStaticMetaMethod::getModifiers (3 bytes)
Event: 5.275 Thread 0x0000000017184000 nmethod 4347 0x000000000476dd90 code [0x000000000476dee0, 0x000000000476e030]
Event: 5.281 Thread 0x0000000017184000 4348       3       java.beans.PropertyDescriptor::<init> (112 bytes)

GC Heap History (10 events):
Event: 3.476 GC heap before
{Heap before GC invocations=22 (full 1):
 PSYoungGen      total 88064K, used 29430K [0x00000000f5580000, 0x00000000fb880000, 0x0000000100000000)
  eden space 81920K, 28% used [0x00000000f5580000,0x00000000f6c3edb8,0x00000000fa580000)
  from space 6144K, 99% used [0x00000000fae00000,0x00000000fb3feb68,0x00000000fb400000)
  to   space 8704K, 0% used [0x00000000fa580000,0x00000000fa580000,0x00000000fae00000)
 ParOldGen       total 260608K, used 13683K [0x00000000e0000000, 0x00000000efe80000, 0x00000000f5580000)
  object space 260608K, 5% used [0x00000000e0000000,0x00000000e0d5cf20,0x00000000efe80000)
 Metaspace       used 33575K, capacity 35074K, committed 35220K, reserved 1079296K
  class space    used 4868K, capacity 5112K, committed 5120K, reserved 1048576K
Event: 3.482 GC heap after
Heap after GC invocations=22 (full 1):
 PSYoungGen      total 90624K, used 1920K [0x00000000f5580000, 0x00000000fc700000, 0x0000000100000000)
  eden space 81920K, 0% used [0x00000000f5580000,0x00000000f5580000,0x00000000fa580000)
  from space 8704K, 22% used [0x00000000fa580000,0x00000000fa760010,0x00000000fae00000)
  to   space 8192K, 0% used [0x00000000fbf00000,0x00000000fbf00000,0x00000000fc700000)
 ParOldGen       total 260608K, used 19346K [0x00000000e0000000, 0x00000000efe80000, 0x00000000f5580000)
  object space 260608K, 7% used [0x00000000e0000000,0x00000000e12e4910,0x00000000efe80000)
 Metaspace       used 33575K, capacity 35074K, committed 35220K, reserved 1079296K
  class space    used 4868K, capacity 5112K, committed 5120K, reserved 1048576K
}
Event: 3.482 GC heap before
{Heap before GC invocations=23 (full 2):
 PSYoungGen      total 90624K, used 1920K [0x00000000f5580000, 0x00000000fc700000, 0x0000000100000000)
  eden space 81920K, 0% used [0x00000000f5580000,0x00000000f5580000,0x00000000fa580000)
  from space 8704K, 22% used [0x00000000fa580000,0x00000000fa760010,0x00000000fae00000)
  to   space 8192K, 0% used [0x00000000fbf00000,0x00000000fbf00000,0x00000000fc700000)
 ParOldGen       total 260608K, used 19346K [0x00000000e0000000, 0x00000000efe80000, 0x00000000f5580000)
  object space 260608K, 7% used [0x00000000e0000000,0x00000000e12e4910,0x00000000efe80000)
 Metaspace       used 33575K, capacity 35074K, committed 35220K, reserved 1079296K
  class space    used 4868K, capacity 5112K, committed 5120K, reserved 1048576K
Event: 3.520 GC heap after
Heap after GC invocations=23 (full 2):
 PSYoungGen      total 90624K, used 0K [0x00000000f5580000, 0x00000000fc700000, 0x0000000100000000)
  eden space 81920K, 0% used [0x00000000f5580000,0x00000000f5580000,0x00000000fa580000)
  from space 8704K, 0% used [0x00000000fa580000,0x00000000fa580000,0x00000000fae00000)
  to   space 8192K, 0% used [0x00000000fbf00000,0x00000000fbf00000,0x00000000fc700000)
 ParOldGen       total 260608K, used 14996K [0x00000000e0000000, 0x00000000efe80000, 0x00000000f5580000)
  object space 260608K, 5% used [0x00000000e0000000,0x00000000e0ea50d0,0x00000000efe80000)
 Metaspace       used 33573K, capacity 35072K, committed 35220K, reserved 1079296K
  class space    used 4868K, capacity 5111K, committed 5120K, reserved 1048576K
}
Event: 3.994 GC heap before
{Heap before GC invocations=24 (full 2):
 PSYoungGen      total 90624K, used 81920K [0x00000000f5580000, 0x00000000fc700000, 0x0000000100000000)
  eden space 81920K, 100% used [0x00000000f5580000,0x00000000fa580000,0x00000000fa580000)
  from space 8704K, 0% used [0x00000000fa580000,0x00000000fa580000,0x00000000fae00000)
  to   space 8192K, 0% used [0x00000000fbf00000,0x00000000fbf00000,0x00000000fc700000)
 ParOldGen       total 260608K, used 14996K [0x00000000e0000000, 0x00000000efe80000, 0x00000000f5580000)
  object space 260608K, 5% used [0x00000000e0000000,0x00000000e0ea50d0,0x00000000efe80000)
 Metaspace       used 37710K, capacity 39440K, committed 39680K, reserved 1083392K
  class space    used 5481K, capacity 5823K, committed 5888K, reserved 1048576K
Event: 3.999 GC heap after
Heap after GC invocations=24 (full 2):
 PSYoungGen      total 100864K, used 5136K [0x00000000f5580000, 0x00000000fc480000, 0x0000000100000000)
  eden space 95232K, 0% used [0x00000000f5580000,0x00000000f5580000,0x00000000fb280000)
  from space 5632K, 91% used [0x00000000fbf00000,0x00000000fc404340,0x00000000fc480000)
  to   space 8704K, 0% used [0x00000000fb380000,0x00000000fb380000,0x00000000fbc00000)
 ParOldGen       total 260608K, used 15004K [0x00000000e0000000, 0x00000000efe80000, 0x00000000f5580000)
  object space 260608K, 5% used [0x00000000e0000000,0x00000000e0ea70d0,0x00000000efe80000)
 Metaspace       used 37710K, capacity 39440K, committed 39680K, reserved 1083392K
  class space    used 5481K, capacity 5823K, committed 5888K, reserved 1048576K
}
Event: 4.563 GC heap before
{Heap before GC invocations=25 (full 2):
 PSYoungGen      total 100864K, used 100368K [0x00000000f5580000, 0x00000000fc480000, 0x0000000100000000)
  eden space 95232K, 100% used [0x00000000f5580000,0x00000000fb280000,0x00000000fb280000)
  from space 5632K, 91% used [0x00000000fbf00000,0x00000000fc404340,0x00000000fc480000)
  to   space 8704K, 0% used [0x00000000fb380000,0x00000000fb380000,0x00000000fbc00000)
 ParOldGen       total 260608K, used 15004K [0x00000000e0000000, 0x00000000efe80000, 0x00000000f5580000)
  object space 260608K, 5% used [0x00000000e0000000,0x00000000e0ea70d0,0x00000000efe80000)
 Metaspace       used 42731K, capacity 45060K, committed 45184K, reserved 1087488K
  class space    used 6289K, capacity 6738K, committed 6784K, reserved 1048576K
Event: 4.569 GC heap after
Heap after GC invocations=25 (full 2):
 PSYoungGen      total 104960K, used 7730K [0x00000000f5580000, 0x00000000fd380000, 0x0000000100000000)
  eden space 96256K, 0% used [0x00000000f5580000,0x00000000f5580000,0x00000000fb380000)
  from space 8704K, 88% used [0x00000000fb380000,0x00000000fbb0cac8,0x00000000fbc00000)
  to   space 9728K, 0% used [0x00000000fca00000,0x00000000fca00000,0x00000000fd380000)
 ParOldGen       total 260608K, used 15012K [0x00000000e0000000, 0x00000000efe80000, 0x00000000f5580000)
  object space 260608K, 5% used [0x00000000e0000000,0x00000000e0ea90d0,0x00000000efe80000)
 Metaspace       used 42731K, capacity 45060K, committed 45184K, reserved 1087488K
  class space    used 6289K, capacity 6738K, committed 6784K, reserved 1048576K
}
Event: 5.246 GC heap before
{Heap before GC invocations=26 (full 2):
 PSYoungGen      total 104960K, used 103986K [0x00000000f5580000, 0x00000000fd380000, 0x0000000100000000)
  eden space 96256K, 100% used [0x00000000f5580000,0x00000000fb380000,0x00000000fb380000)
  from space 8704K, 88% used [0x00000000fb380000,0x00000000fbb0cac8,0x00000000fbc00000)
  to   space 9728K, 0% used [0x00000000fca00000,0x00000000fca00000,0x00000000fd380000)
 ParOldGen       total 260608K, used 15012K [0x00000000e0000000, 0x00000000efe80000, 0x00000000f5580000)
  object space 260608K, 5% used [0x00000000e0000000,0x00000000e0ea90d0,0x00000000efe80000)
 Metaspace       used 45899K, capacity 49116K, committed 49408K, reserved 1091584K
  class space    used 6842K, capacity 7381K, committed 7424K, reserved 1048576K
Event: 5.256 GC heap after
Heap after GC invocations=26 (full 2):
 PSYoungGen      total 105984K, used 9697K [0x00000000f5580000, 0x00000000fd380000, 0x0000000100000000)
  eden space 96256K, 0% used [0x00000000f5580000,0x00000000f5580000,0x00000000fb380000)
  from space 9728K, 99% used [0x00000000fca00000,0x00000000fd378678,0x00000000fd380000)
  to   space 8704K, 0% used [0x00000000fb380000,0x00000000fb380000,0x00000000fbc00000)
 ParOldGen       total 260608K, used 16124K [0x00000000e0000000, 0x00000000efe80000, 0x00000000f5580000)
  object space 260608K, 6% used [0x00000000e0000000,0x00000000e0fbf178,0x00000000efe80000)
 Metaspace       used 45899K, capacity 49116K, committed 49408K, reserved 1091584K
  class space    used 6842K, capacity 7381K, committed 7424K, reserved 1048576K
}

Deoptimization events (10 events):
Event: 5.071 Thread 0x0000000018dd7000 Uncommon trap: reason=bimorphic action=maybe_recompile pc=0x000000000464d450 method=java.util.stream.ReferencePipeline$2$1.accept(Ljava/lang/Object;)V @ 21
Event: 5.071 Thread 0x0000000018dd7000 Uncommon trap: reason=bimorphic action=maybe_recompile pc=0x000000000464d450 method=java.util.stream.ReferencePipeline$2$1.accept(Ljava/lang/Object;)V @ 21
Event: 5.090 Thread 0x0000000018dd7000 Uncommon trap: reason=bimorphic action=maybe_recompile pc=0x000000000464d450 method=java.util.stream.ReferencePipeline$2$1.accept(Ljava/lang/Object;)V @ 21
Event: 5.205 Thread 0x0000000018dd7000 Uncommon trap: reason=class_check action=maybe_recompile pc=0x0000000004729510 method=java.util.TreeMap.put(Ljava/lang/Object;Ljava/lang/Object;)Ljava/lang/Object; @ 127
Event: 5.206 Thread 0x0000000018dd7000 Uncommon trap: reason=bimorphic action=maybe_recompile pc=0x0000000003af10e4 method=com.google.common.collect.AbstractIndexedListIterator.next()Ljava/lang/Object; @ 27
Event: 5.206 Thread 0x0000000018dd7000 Uncommon trap: reason=bimorphic action=maybe_recompile pc=0x0000000003af10e4 method=com.google.common.collect.AbstractIndexedListIterator.next()Ljava/lang/Object; @ 27
Event: 5.206 Thread 0x0000000018dd7000 Uncommon trap: reason=bimorphic action=maybe_recompile pc=0x0000000003af10e4 method=com.google.common.collect.AbstractIndexedListIterator.next()Ljava/lang/Object; @ 27
Event: 5.209 Thread 0x0000000018dd7000 Uncommon trap: reason=class_check action=maybe_recompile pc=0x0000000004729510 method=java.util.TreeMap.put(Ljava/lang/Object;Ljava/lang/Object;)Ljava/lang/Object; @ 127
Event: 5.209 Thread 0x0000000018dd7000 Uncommon trap: reason=class_check action=maybe_recompile pc=0x0000000004729510 method=java.util.TreeMap.put(Ljava/lang/Object;Ljava/lang/Object;)Ljava/lang/Object; @ 127
Event: 5.228 Thread 0x0000000018dd7000 Uncommon trap: reason=class_check action=maybe_recompile pc=0x0000000004729510 method=java.util.TreeMap.put(Ljava/lang/Object;Ljava/lang/Object;)Ljava/lang/Object; @ 127

Internal exceptions (10 events):
Event: 5.279 Thread 0x0000000018dd7000 Exception <a 'java/lang/ClassNotFoundException': org/gradle/api/tasks/AbstractCopyTaskBeanInfo> (0x00000000f5b43280) thrown at [D:\re\workspace\8-2-build-windows-amd64-cygwin\jdk8u5\2488\hotspot\src\share\vm\classfile\systemDictionary.cpp, line 202]
Event: 5.279 Thread 0x0000000018dd7000 Exception <a 'java/security/PrivilegedActionException'> (0x00000000f5b45480) thrown at [D:\re\workspace\8-2-build-windows-amd64-cygwin\jdk8u5\2488\hotspot\src\share\vm\prims\jvm.cpp, line 1248]
Event: 5.279 Thread 0x0000000018dd7000 Exception <a 'java/security/PrivilegedActionException'> (0x00000000f5b47318) thrown at [D:\re\workspace\8-2-build-windows-amd64-cygwin\jdk8u5\2488\hotspot\src\share\vm\prims\jvm.cpp, line 1248]
Event: 5.279 Thread 0x0000000018dd7000 Exception <a 'java/security/PrivilegedActionException'> (0x00000000f5b55948) thrown at [D:\re\workspace\8-2-build-windows-amd64-cygwin\jdk8u5\2488\hotspot\src\share\vm\prims\jvm.cpp, line 1248]
Event: 5.280 Thread 0x0000000018dd7000 Exception <a 'java/security/PrivilegedActionException'> (0x00000000f5b57820) thrown at [D:\re\workspace\8-2-build-windows-amd64-cygwin\jdk8u5\2488\hotspot\src\share\vm\prims\jvm.cpp, line 1248]
Event: 5.280 Thread 0x0000000018dd7000 Exception <a 'java/security/PrivilegedActionException'> (0x00000000f5b596b8) thrown at [D:\re\workspace\8-2-build-windows-amd64-cygwin\jdk8u5\2488\hotspot\src\share\vm\prims\jvm.cpp, line 1248]
Event: 5.280 Thread 0x0000000018dd7000 Exception <a 'java/security/PrivilegedActionException'> (0x00000000f5b67ce8) thrown at [D:\re\workspace\8-2-build-windows-amd64-cygwin\jdk8u5\2488\hotspot\src\share\vm\prims\jvm.cpp, line 1248]
Event: 5.280 Thread 0x0000000018dd7000 Exception <a 'java/lang/ClassNotFoundException': org/gradle/api/tasks/AbstractCopyTaskCustomizer> (0x00000000f5b68a18) thrown at [D:\re\workspace\8-2-build-windows-amd64-cygwin\jdk8u5\2488\hotspot\src\share\vm\classfile\systemDictionary.cpp, line 202]
Event: 5.280 Thread 0x0000000018dd7000 Exception <a 'java/security/PrivilegedActionException'> (0x00000000f5b76268) thrown at [D:\re\workspace\8-2-build-windows-amd64-cygwin\jdk8u5\2488\hotspot\src\share\vm\prims\jvm.cpp, line 1248]
Event: 5.280 Thread 0x0000000018dd7000 Exception <a 'java/security/PrivilegedActionException'> (0x00000000f5b78018) thrown at [D:\re\workspace\8-2-build-windows-amd64-cygwin\jdk8u5\2488\hotspot\src\share\vm\prims\jvm.cpp, line 1248]

Events (10 events):
Event: 5.279 loading class org/gradle/api/tasks/AbstractCopyTaskCustomizer
Event: 5.279 loading class org/gradle/api/tasks/AbstractCopyTaskCustomizer done
Event: 5.280 loading class org/gradle/api/tasks/AbstractCopyTaskCustomizer
Event: 5.280 loading class org/gradle/api/tasks/AbstractCopyTaskCustomizer done
Event: 5.280 loading class org/gradle/api/tasks/AbstractCopyTaskCustomizer
Event: 5.280 loading class org/gradle/api/tasks/AbstractCopyTaskCustomizer done
Event: 5.280 loading class org/gradle/api/file/ExpandDetails
Event: 5.280 loading class org/gradle/api/file/ExpandDetails done
Event: 5.280 loading class java/io/FilterReader
Event: 5.281 loading class java/io/FilterReader done


Dynamic libraries:
0x00007ff6280d0000 - 0x00007ff628104000 	C:\Program Files\Java\jdk1.8.0_05\bin\java.exe
0x00007ffe27430000 - 0x00007ffe27628000 	C:\Windows\SYSTEM32\ntdll.dll
0x00007ffe27330000 - 0x00007ffe273ed000 	C:\Windows\System32\KERNEL32.DLL
0x00007ffe24f40000 - 0x00007ffe2520e000 	C:\Windows\System32\KERNELBASE.dll
0x00007ffe25c50000 - 0x00007ffe25cfe000 	C:\Windows\System32\ADVAPI32.dll
0x00007ffe270f0000 - 0x00007ffe2718e000 	C:\Windows\System32\msvcrt.dll
0x00007ffe25d40000 - 0x00007ffe25ddc000 	C:\Windows\System32\sechost.dll
0x00007ffe26130000 - 0x00007ffe26255000 	C:\Windows\System32\RPCRT4.dll
0x00007ffe25de0000 - 0x00007ffe25f80000 	C:\Windows\System32\USER32.dll
0x00007ffe25460000 - 0x00007ffe25482000 	C:\Windows\System32\win32u.dll
0x00007ffe27270000 - 0x00007ffe2729a000 	C:\Windows\System32\GDI32.dll
0x00007ffe25350000 - 0x00007ffe2545b000 	C:\Windows\System32\gdi32full.dll
0x00007ffe24c10000 - 0x00007ffe24cad000 	C:\Windows\System32\msvcp_win.dll
0x00007ffe24e40000 - 0x00007ffe24f40000 	C:\Windows\System32\ucrtbase.dll
0x00007ffe07f20000 - 0x00007ffe081ba000 	C:\Windows\WinSxS\amd64_microsoft.windows.common-controls_6595b64144ccf1df_6.0.19041.1110_none_60b5254171f9507e\COMCTL32.dll
0x00007ffe25d00000 - 0x00007ffe25d30000 	C:\Windows\System32\IMM32.DLL
0x00007ffe0bdb0000 - 0x00007ffe0bfb2000 	C:\Windows\system32\tmumh\20019\AddOn\8.53.0.1128\TmUmEvt64.dll
0x00007ffe25d30000 - 0x00007ffe25d38000 	C:\Windows\System32\PSAPI.DLL
0x0000000061650000 - 0x00000000617c0000 	C:\Windows\system32\tmumh\20019\TmMon\2.8.0.1054\tmmon64.dll
0x000000005dad0000 - 0x000000005dba2000 	C:\Program Files\Java\jdk1.8.0_05\jre\bin\msvcr100.dll
0x000000005d2a0000 - 0x000000005daca000 	C:\Program Files\Java\jdk1.8.0_05\jre\bin\server\jvm.dll
0x00007ffe08940000 - 0x00007ffe08949000 	C:\Windows\SYSTEM32\WSOCK32.dll
0x00007ffe260c0000 - 0x00007ffe2612b000 	C:\Windows\System32\WS2_32.dll
0x00007ffe0a470000 - 0x00007ffe0a497000 	C:\Windows\SYSTEM32\WINMM.dll
0x000000005e440000 - 0x000000005e44f000 	C:\Program Files\Java\jdk1.8.0_05\jre\bin\verify.dll
0x000000005dfd0000 - 0x000000005dff8000 	C:\Program Files\Java\jdk1.8.0_05\jre\bin\java.dll
0x000000005dfb0000 - 0x000000005dfc6000 	C:\Program Files\Java\jdk1.8.0_05\jre\bin\zip.dll
0x00007ffe266d0000 - 0x00007ffe26e13000 	C:\Windows\System32\SHELL32.dll
0x00007ffe22c00000 - 0x00007ffe23395000 	C:\Windows\SYSTEM32\windows.storage.dll
0x00007ffe254b0000 - 0x00007ffe25804000 	C:\Windows\System32\combase.dll
0x00007ffe244d0000 - 0x00007ffe24500000 	C:\Windows\SYSTEM32\Wldp.dll
0x00007ffe25ba0000 - 0x00007ffe25c4d000 	C:\Windows\System32\SHCORE.dll
0x00007ffe25870000 - 0x00007ffe258c5000 	C:\Windows\System32\shlwapi.dll
0x00007ffe24a90000 - 0x00007ffe24aaf000 	C:\Windows\SYSTEM32\profapi.dll
0x000000005df90000 - 0x000000005dfaa000 	C:\Program Files\Java\jdk1.8.0_05\jre\bin\net.dll
0x00007ffe242b0000 - 0x00007ffe2431a000 	C:\Windows\system32\mswsock.dll
0x000000005df70000 - 0x000000005df81000 	C:\Program Files\Java\jdk1.8.0_05\jre\bin\nio.dll
0x00007ffdf9c80000 - 0x00007ffdf9ca7000 	C:\Users\vyg0606\.gradle\native\e1d6ef7f7dcc3fd88c89a11ec53ec762bb8ba0a96d01ffa2cd45eb1d1d8dd5c5\windows-amd64\native-platform.dll
0x00007ffddea20000 - 0x00007ffddeb64000 	C:\Users\vyg0606\.gradle\native\0d407fdbe67a94daf76414ababcb853783967236a71b16ec16e742cd7a986fd3\windows-amd64\native-platform-file-events.dll
0x000000005e430000 - 0x000000005e43d000 	C:\Program Files\Java\jdk1.8.0_05\jre\bin\management.dll
0x00007ffe23f70000 - 0x00007ffe23fab000 	C:\Windows\SYSTEM32\IPHLPAPI.DLL
0x00007ffe270e0000 - 0x00007ffe270e8000 	C:\Windows\System32\NSI.dll
0x00007ffe1dd50000 - 0x00007ffe1dd67000 	C:\Windows\SYSTEM32\dhcpcsvc6.DLL
0x00007ffe1dc60000 - 0x00007ffe1dc7d000 	C:\Windows\SYSTEM32\dhcpcsvc.DLL
0x00007ffe23fc0000 - 0x00007ffe2408a000 	C:\Windows\SYSTEM32\DNSAPI.dll
0x00007ffe24510000 - 0x00007ffe24528000 	C:\Windows\SYSTEM32\CRYPTSP.dll
0x00007ffe23be0000 - 0x00007ffe23c14000 	C:\Windows\system32\rsaenh.dll
0x00007ffe24cb0000 - 0x00007ffe24cd7000 	C:\Windows\System32\bcrypt.dll
0x00007ffe24a10000 - 0x00007ffe24a3e000 	C:\Windows\SYSTEM32\USERENV.dll
0x00007ffe25210000 - 0x00007ffe25292000 	C:\Windows\System32\bcryptprimitives.dll
0x00007ffe24440000 - 0x00007ffe2444c000 	C:\Windows\SYSTEM32\CRYPTBASE.dll

VM Arguments:
jvm_args: -XX:MaxMetaspaceSize=256m -XX:+HeapDumpOnOutOfMemoryError -Xms256m -Xmx512m -Dfile.encoding=windows-1252 -Duser.country=CO -Duser.language=es -Duser.variant 
java_command: org.gradle.launcher.daemon.bootstrap.GradleDaemon 7.5
java_class_path (initial): C:\Users\vyg0606\.gradle\wrapper\dists\gradle-7.5-bin\f1w0cc9nuo0eivz97x2xlu9sv\gradle-7.5\lib\gradle-launcher-7.5.jar
Launcher Type: SUN_STANDARD

Environment Variables:
JAVA_HOME=C:\Program Files\Java\jdk1.8.0_05
PATH=C:\Python39\Scripts\;C:\Python39\;C:\Windows\System32\WindowsPowerShell\v1.0\;C:\Program Files (x86)\Common Files\Oracle\Java\javapath;C:\Windows\system32;C:\Windows;C:\Windows\System32\Wbem;C:\Windows\System32\OpenSSH\;C:\Program Files\Java\jdk1.8.0_05\bin;C:\Program Files (x86)\IBM\Personal Communications\;C:\Program Files (x86)\IBM\Trace Facility\;C:\Program Files\Microsoft VS Code\bin;C:\Program Files\PuTTY\;C:\Program Files\nodejs\;C:\ProgramData\chocolatey\bin;C:\Program Files\Git\cmd;C:\Python39;C:\Users\Administrador\AppData\Local\Programs\Python\Python39\Scripts\;C:\Users\Administrador\AppData\Local\Programs\Python\Python39\;C:\apache-maven-3.8.2\bin;C:\Program Files\Docker\Docker\resources\bin;C:\ProgramData\DockerDesktop\version-bin;D:\apx-cli;C:\Users\vyg0606\AppData\Local\Microsoft\WindowsApps;;C:\Users\vyg0606\AppData\Local\JetBrains\IntelliJ IDEA Community Edition 2022.2.1\bin;
USERNAME=VYG0606
OS=Windows_NT
PROCESSOR_IDENTIFIER=Intel64 Family 6 Model 142 Stepping 12, GenuineIntel



---------------  S Y S T E M  ---------------

OS: Windows 8.1 , 64 bit Build 9600 

CPU:total 8 (4 cores per cpu, 2 threads per core) family 6 model 142 stepping 12, cmov, cx8, fxsr, mmx, sse, sse2, sse3, ssse3, sse4.1, sse4.2, popcnt, avx, avx2, aes, clmul, erms, ht, tsc, tscinvbit

Memory: 4k page, physical 16610856k(2508292k free), swap 16610856k(4100k free)

vm_info: Java HotSpot(TM) 64-Bit Server VM (25.5-b02) for windows-amd64 JRE (1.8.0_05-b13), built on Mar 18 2014 01:08:39 by "java_re" with MS VC++ 10.0 (VS2010)

time: Thu Oct 13 14:56:54 2022
elapsed time: 5 seconds

